[debug] [2022-02-13T00:29:30.957Z] ----------------------------------------------------------------------
[debug] [2022-02-13T00:29:30.960Z] Command:       C:\Program Files\nodejs\node.exe C:\Users\cdavi\AppData\Roaming\npm\node_modules\firebase-tools\lib\bin\firebase.js emulators:start --only functions
[debug] [2022-02-13T00:29:30.960Z] CLI Version:   10.2.0
[debug] [2022-02-13T00:29:30.960Z] Platform:      win32
[debug] [2022-02-13T00:29:30.961Z] Node Version:  v16.13.1
[debug] [2022-02-13T00:29:30.973Z] Time:          Sat Feb 12 2022 18:29:30 GMT-0600 (Central Standard Time)
[debug] [2022-02-13T00:29:30.973Z] ----------------------------------------------------------------------
[debug] 
[debug] [2022-02-13T00:29:31.051Z] > command requires scopes: ["email","openid","https://www.googleapis.com/auth/cloudplatformprojects.readonly","https://www.googleapis.com/auth/firebase","https://www.googleapis.com/auth/cloud-platform"]
[debug] [2022-02-13T00:29:31.051Z] > authorizing via signed-in user (thejoegalaxy@gmail.com)
[info] i  emulators: Starting emulators: functions {"metadata":{"emulator":{"name":"hub"},"message":"Starting emulators: functions"}}
[debug] [2022-02-13T00:29:31.091Z] [hub] writing locator at C:\Users\cdavi\AppData\Local\Temp\hub-mealstogo-c557b.json
[warn] !  functions: The following emulators are not running, calls to these services from the Functions emulator will affect production: auth, firestore, database, hosting, pubsub, storage {"metadata":{"emulator":{"name":"functions"},"message":"The following emulators are not running, calls to these services from the Functions emulator will affect production: \u001b[1mauth, firestore, database, hosting, pubsub, storage\u001b[22m"}}
[info] +  functions: Using node@16 from host. {"metadata":{"emulator":{"name":"functions"},"message":"Using node@16 from host."}}
[debug] [2022-02-13T00:29:31.118Z] defaultcredentials: writing to file C:\Users\cdavi\AppData\Roaming\firebase\thejoegalaxy_gmail_com_application_default_credentials.json
[debug] [2022-02-13T00:29:31.125Z] Setting GAC to C:\Users\cdavi\AppData\Roaming\firebase\thejoegalaxy_gmail_com_application_default_credentials.json {"metadata":{"emulator":{"name":"functions"},"message":"Setting GAC to C:\\Users\\cdavi\\AppData\\Roaming\\firebase\\thejoegalaxy_gmail_com_application_default_credentials.json"}}
[debug] [2022-02-13T00:29:31.130Z] >>> [apiv2][query] GET https://firebase.googleapis.com/v1beta1/projects/mealstogo-c557b/adminSdkConfig [none]
[debug] [2022-02-13T00:29:31.683Z] <<< [apiv2][status] GET https://firebase.googleapis.com/v1beta1/projects/mealstogo-c557b/adminSdkConfig 200
[debug] [2022-02-13T00:29:31.683Z] <<< [apiv2][body] GET https://firebase.googleapis.com/v1beta1/projects/mealstogo-c557b/adminSdkConfig {"projectId":"mealstogo-c557b","storageBucket":"mealstogo-c557b.appspot.com"}
[info] i  ui: downloading ui-v1.6.4.zip... {"metadata":{"emulator":{"name":"ui"},"message":"downloading ui-v1.6.4.zip..."}}
[debug] [2022-02-13T00:29:31.715Z] >>> [apiv2][query] GET https://storage.googleapis.com/firebase-preview-drop/emulator/ui-v1.6.4.zip 
[debug] [2022-02-13T00:29:32.098Z] <<< [apiv2][status] GET https://storage.googleapis.com/firebase-preview-drop/emulator/ui-v1.6.4.zip 200
[debug] [2022-02-13T00:29:32.098Z] <<< [apiv2][body] GET https://storage.googleapis.com/firebase-preview-drop/emulator/ui-v1.6.4.zip [stream]
[debug] [2022-02-13T00:29:33.970Z] Ignoring unsupported arg: auto_download {"metadata":{"emulator":{"name":"ui"},"message":"Ignoring unsupported arg: auto_download"}}
[debug] [2022-02-13T00:29:33.970Z] Ignoring unsupported arg: port {"metadata":{"emulator":{"name":"ui"},"message":"Ignoring unsupported arg: port"}}
[debug] [2022-02-13T00:29:33.970Z] Starting Emulator UI with command {"binary":"node","args":["C:\\Users\\cdavi\\.cache\\firebase\\emulators\\ui-v1.6.4\\server.bundle.js"],"optionalArgs":[],"joinArgs":false} {"metadata":{"emulator":{"name":"ui"},"message":"Starting Emulator UI with command {\"binary\":\"node\",\"args\":[\"C:\\\\Users\\\\cdavi\\\\.cache\\\\firebase\\\\emulators\\\\ui-v1.6.4\\\\server.bundle.js\"],\"optionalArgs\":[],\"joinArgs\":false}"}}
[info] i  ui: Emulator UI logging to ui-debug.log {"metadata":{"emulator":{"name":"ui"},"message":"Emulator UI logging to \u001b[1mui-debug.log\u001b[22m"}}
[debug] [2022-02-13T00:29:34.115Z] Web / API server started at localhost:4000
 {"metadata":{"emulator":{"name":"ui"},"message":"Web / API server started at localhost:4000\n"}}
[info] i  functions: Watching "C:\Users\cdavi\Desktop\projects\MealsToGo\functions" for Cloud Functions... {"metadata":{"emulator":{"name":"functions"},"message":"Watching \"C:\\Users\\cdavi\\Desktop\\projects\\MealsToGo\\functions\" for Cloud Functions..."}}
[debug] [2022-02-13T00:29:34.251Z] Validating nodejs source
[debug] [2022-02-13T00:29:38.209Z] > [functions] package.json contents: {
  "name": "functions",
  "description": "Cloud Functions for Firebase",
  "scripts": {
    "serve": "firebase emulators:start --only functions",
    "shell": "firebase functions:shell",
    "start": "npm run shell",
    "deploy": "firebase deploy --only functions",
    "logs": "firebase functions:log"
  },
  "engines": {
    "node": "16"
  },
  "main": "index.js",
  "dependencies": {
    "firebase-admin": "^9.8.0",
    "firebase-functions": "^3.14.1"
  },
  "devDependencies": {
    "firebase-functions-test": "^0.2.0"
  },
  "private": true
}
[debug] [2022-02-13T00:29:38.210Z] Building nodejs source
[debug] [2022-02-13T00:29:38.210Z] Analyzing nodejs backend spec
[info] 
┌─────────────────────────────────────────────────────────────┐
│ ✔  All emulators ready! It is now safe to connect your app. │
│ i  View Emulator UI at http://localhost:4000                │
└─────────────────────────────────────────────────────────────┘

┌───────────┬────────────────┬─────────────────────────────────┐
│ Emulator  │ Host:Port      │ View in Emulator UI             │
├───────────┼────────────────┼─────────────────────────────────┤
│ Functions │ localhost:5001 │ http://localhost:4000/functions │
└───────────┴────────────────┴─────────────────────────────────┘
  Emulator Hub running at localhost:4400
  Other reserved ports: 4500

Issues? Report them at https://github.com/firebase/firebase-tools/issues and attach the *-debug.log files.
 
[debug] [2022-02-13T00:33:27.600Z] File C:\Users\cdavi\Desktop\projects\MealsToGo\functions\index.js changed, reloading triggers {"metadata":{"emulator":{"name":"functions"},"message":"File C:\\Users\\cdavi\\Desktop\\projects\\MealsToGo\\functions\\index.js changed, reloading triggers"}}
[debug] [2022-02-13T00:33:28.618Z] Validating nodejs source
[debug] [2022-02-13T00:33:31.956Z] > [functions] package.json contents: {
  "name": "functions",
  "description": "Cloud Functions for Firebase",
  "scripts": {
    "serve": "firebase emulators:start --only functions",
    "shell": "firebase functions:shell",
    "start": "npm run shell",
    "deploy": "firebase deploy --only functions",
    "logs": "firebase functions:log"
  },
  "engines": {
    "node": "16"
  },
  "main": "index.js",
  "dependencies": {
    "firebase-admin": "^9.8.0",
    "firebase-functions": "^3.14.1"
  },
  "devDependencies": {
    "firebase-functions-test": "^0.2.0"
  },
  "private": true
}
[debug] [2022-02-13T00:33:31.956Z] Building nodejs source
[debug] [2022-02-13T00:33:31.956Z] Analyzing nodejs backend spec
[info] +  functions[us-central1-helloWorld]: http function initialized (http://localhost:5001/mealstogo-c557b/us-central1/helloWorld). {"metadata":{"emulator":{"name":"functions"},"message":"\u001b[1mhttp\u001b[22m function initialized (http://localhost:5001/mealstogo-c557b/us-central1/helloWorld)."}}
[debug] [2022-02-13T00:34:23.565Z] [work-queue] {"queueLength":1,"workRunningCount":0}
[debug] [2022-02-13T00:34:23.565Z] [work-queue] {"queueLength":0,"workRunningCount":1}
[debug] [2022-02-13T00:34:23.566Z] Accepted request GET /mealstogo-c557b/us-central1/helloWorld --> us-central1-helloWorld
[debug] [2022-02-13T00:34:23.591Z] [worker-pool] addWorker(us-central1-helloWorld) {"metadata":{"emulator":{"name":"functions"},"message":"[worker-pool] addWorker(us-central1-helloWorld)"}}
[debug] [2022-02-13T00:34:23.591Z] [worker-pool] Adding worker with key us-central1-helloWorld, total=1 {"metadata":{"emulator":{"name":"functions"},"message":"[worker-pool] Adding worker with key us-central1-helloWorld, total=1"}}
[debug] [2022-02-13T00:34:23.592Z] [worker-pool] submitWork(triggerId=us-central1-helloWorld) {"metadata":{"emulator":{"name":"functions"},"message":"[worker-pool] submitWork(triggerId=us-central1-helloWorld)"}}
[debug] [2022-02-13T00:34:23.594Z] [worker-us-central1-helloWorld-b2464d8d-58b5-479c-979c-7617ceab8cfc]: Assigning socketPath: \\?\pipe\C:\Users\cdavi\Desktop\projects\MealsToGo\functions\18560 {"metadata":{"emulator":{"name":"functions"},"message":"[worker-us-central1-helloWorld-b2464d8d-58b5-479c-979c-7617ceab8cfc]: Assigning socketPath: \\\\?\\pipe\\C:\\Users\\cdavi\\Desktop\\projects\\MealsToGo\\functions\\18560"}}
[debug] [2022-02-13T00:34:23.595Z] [worker-us-central1-helloWorld-b2464d8d-58b5-479c-979c-7617ceab8cfc]: BUSY {"metadata":{"emulator":{"name":"functions"},"message":"[worker-us-central1-helloWorld-b2464d8d-58b5-479c-979c-7617ceab8cfc]: BUSY"}}
[debug] [2022-02-13T00:34:24.642Z] [runtime-status] [18560] Functions runtime initialized. {"cwd":"C:\\Users\\cdavi\\Desktop\\projects\\MealsToGo\\functions","node_version":"16.13.1"} {"metadata":{"emulator":{"name":"functions"},"function":{"name":"us-central1-helloWorld"},"message":"[runtime-status] [18560] Functions runtime initialized. {\"cwd\":\"C:\\\\Users\\\\cdavi\\\\Desktop\\\\projects\\\\MealsToGo\\\\functions\",\"node_version\":\"16.13.1\"}"}}
[debug] [2022-02-13T00:34:24.643Z] [runtime-status] [18560] Disabled runtime features: undefined {"metadata":{"emulator":{"name":"functions"},"function":{"name":"us-central1-helloWorld"},"message":"[runtime-status] [18560] Disabled runtime features: undefined"}}
[debug] [2022-02-13T00:34:24.646Z] [runtime-status] [18560] Resolved module firebase-admin {"declared":true,"installed":true,"version":"9.12.0","resolution":"C:\\Users\\cdavi\\Desktop\\projects\\MealsToGo\\functions\\node_modules\\firebase-admin\\lib\\index.js"} {"metadata":{"emulator":{"name":"functions"},"function":{"name":"us-central1-helloWorld"},"message":"[runtime-status] [18560] Resolved module firebase-admin {\"declared\":true,\"installed\":true,\"version\":\"9.12.0\",\"resolution\":\"C:\\\\Users\\\\cdavi\\\\Desktop\\\\projects\\\\MealsToGo\\\\functions\\\\node_modules\\\\firebase-admin\\\\lib\\\\index.js\"}"}}
[debug] [2022-02-13T00:34:24.648Z] [runtime-status] [18560] Resolved module firebase-functions {"declared":true,"installed":true,"version":"3.18.0","resolution":"C:\\Users\\cdavi\\Desktop\\projects\\MealsToGo\\functions\\node_modules\\firebase-functions\\lib\\index.js"} {"metadata":{"emulator":{"name":"functions"},"function":{"name":"us-central1-helloWorld"},"message":"[runtime-status] [18560] Resolved module firebase-functions {\"declared\":true,\"installed\":true,\"version\":\"3.18.0\",\"resolution\":\"C:\\\\Users\\\\cdavi\\\\Desktop\\\\projects\\\\MealsToGo\\\\functions\\\\node_modules\\\\firebase-functions\\\\lib\\\\index.js\"}"}}
[debug] [2022-02-13T00:34:24.648Z] [runtime-status] [18560] Outgoing network have been stubbed. [{"name":"http","status":"mocked"},{"name":"http","status":"mocked"},{"name":"https","status":"mocked"},{"name":"https","status":"mocked"},{"name":"net","status":"mocked"}] {"metadata":{"emulator":{"name":"functions"},"function":{"name":"us-central1-helloWorld"},"message":"[runtime-status] [18560] Outgoing network have been stubbed. [{\"name\":\"http\",\"status\":\"mocked\"},{\"name\":\"http\",\"status\":\"mocked\"},{\"name\":\"https\",\"status\":\"mocked\"},{\"name\":\"https\",\"status\":\"mocked\"},{\"name\":\"net\",\"status\":\"mocked\"}]"}}
[debug] [2022-02-13T00:34:24.649Z] [runtime-status] [18560] Resolved module firebase-functions {"declared":true,"installed":true,"version":"3.18.0","resolution":"C:\\Users\\cdavi\\Desktop\\projects\\MealsToGo\\functions\\node_modules\\firebase-functions\\lib\\index.js"} {"metadata":{"emulator":{"name":"functions"},"function":{"name":"us-central1-helloWorld"},"message":"[runtime-status] [18560] Resolved module firebase-functions {\"declared\":true,\"installed\":true,\"version\":\"3.18.0\",\"resolution\":\"C:\\\\Users\\\\cdavi\\\\Desktop\\\\projects\\\\MealsToGo\\\\functions\\\\node_modules\\\\firebase-functions\\\\lib\\\\index.js\"}"}}
[debug] [2022-02-13T00:34:24.694Z] [runtime-status] [18560] Checked functions.config() {"config":{}} {"metadata":{"emulator":{"name":"functions"},"function":{"name":"us-central1-helloWorld"},"message":"[runtime-status] [18560] Checked functions.config() {\"config\":{}}"}}
[debug] [2022-02-13T00:34:24.695Z] [runtime-status] [18560] firebase-functions has been stubbed. {"functionsResolution":{"declared":true,"installed":true,"version":"3.18.0","resolution":"C:\\Users\\cdavi\\Desktop\\projects\\MealsToGo\\functions\\node_modules\\firebase-functions\\lib\\index.js"}} {"metadata":{"emulator":{"name":"functions"},"function":{"name":"us-central1-helloWorld"},"message":"[runtime-status] [18560] firebase-functions has been stubbed. {\"functionsResolution\":{\"declared\":true,\"installed\":true,\"version\":\"3.18.0\",\"resolution\":\"C:\\\\Users\\\\cdavi\\\\Desktop\\\\projects\\\\MealsToGo\\\\functions\\\\node_modules\\\\firebase-functions\\\\lib\\\\index.js\"}}"}}
[debug] [2022-02-13T00:34:24.695Z] [runtime-status] [18560] Resolved module firebase-functions {"declared":true,"installed":true,"version":"3.18.0","resolution":"C:\\Users\\cdavi\\Desktop\\projects\\MealsToGo\\functions\\node_modules\\firebase-functions\\lib\\index.js"} {"metadata":{"emulator":{"name":"functions"},"function":{"name":"us-central1-helloWorld"},"message":"[runtime-status] [18560] Resolved module firebase-functions {\"declared\":true,\"installed\":true,\"version\":\"3.18.0\",\"resolution\":\"C:\\\\Users\\\\cdavi\\\\Desktop\\\\projects\\\\MealsToGo\\\\functions\\\\node_modules\\\\firebase-functions\\\\lib\\\\index.js\"}"}}
[debug] [2022-02-13T00:34:24.696Z] [runtime-status] [18560] Resolved module firebase-admin {"declared":true,"installed":true,"version":"9.12.0","resolution":"C:\\Users\\cdavi\\Desktop\\projects\\MealsToGo\\functions\\node_modules\\firebase-admin\\lib\\index.js"} {"metadata":{"emulator":{"name":"functions"},"function":{"name":"us-central1-helloWorld"},"message":"[runtime-status] [18560] Resolved module firebase-admin {\"declared\":true,\"installed\":true,\"version\":\"9.12.0\",\"resolution\":\"C:\\\\Users\\\\cdavi\\\\Desktop\\\\projects\\\\MealsToGo\\\\functions\\\\node_modules\\\\firebase-admin\\\\lib\\\\index.js\"}"}}
[debug] [2022-02-13T00:34:24.697Z] [runtime-status] [18560] Resolved module firebase-functions {"declared":true,"installed":true,"version":"3.18.0","resolution":"C:\\Users\\cdavi\\Desktop\\projects\\MealsToGo\\functions\\node_modules\\firebase-functions\\lib\\index.js"} {"metadata":{"emulator":{"name":"functions"},"function":{"name":"us-central1-helloWorld"},"message":"[runtime-status] [18560] Resolved module firebase-functions {\"declared\":true,\"installed\":true,\"version\":\"3.18.0\",\"resolution\":\"C:\\\\Users\\\\cdavi\\\\Desktop\\\\projects\\\\MealsToGo\\\\functions\\\\node_modules\\\\firebase-functions\\\\lib\\\\index.js\"}"}}
[debug] [2022-02-13T00:34:24.697Z] [runtime-status] [18560] firebase-admin has been stubbed. {"adminResolution":{"declared":true,"installed":true,"version":"9.12.0","resolution":"C:\\Users\\cdavi\\Desktop\\projects\\MealsToGo\\functions\\node_modules\\firebase-admin\\lib\\index.js"}} {"metadata":{"emulator":{"name":"functions"},"function":{"name":"us-central1-helloWorld"},"message":"[runtime-status] [18560] firebase-admin has been stubbed. {\"adminResolution\":{\"declared\":true,\"installed\":true,\"version\":\"9.12.0\",\"resolution\":\"C:\\\\Users\\\\cdavi\\\\Desktop\\\\projects\\\\MealsToGo\\\\functions\\\\node_modules\\\\firebase-admin\\\\lib\\\\index.js\"}}"}}
[debug] [2022-02-13T00:34:24.699Z] [runtime-status] [18560] Beginning invocation function helloWorld! {"metadata":{"emulator":{"name":"functions"},"function":{"name":"us-central1-helloWorld"},"message":"[runtime-status] [18560] Beginning invocation function helloWorld!"}}
[info] i  functions: Beginning execution of "helloWorld" {"metadata":{"emulator":{"name":"functions"},"function":{"name":"us-central1-helloWorld"},"message":"Beginning execution of \"helloWorld\""}}
[debug] [2022-02-13T00:34:24.700Z] [runtime-status] [18560] Running helloWorld in signature http {"metadata":{"emulator":{"name":"functions"},"function":{"name":"us-central1-helloWorld"},"message":"[runtime-status] [18560] Running helloWorld in signature http"}}
[debug] [2022-02-13T00:34:24.703Z] [runtime-status] [18560] Attempting to listen to socketPath: \\?\pipe\C:\Users\cdavi\Desktop\projects\MealsToGo\functions\18560 {"metadata":{"emulator":{"name":"functions"},"function":{"name":"us-central1-helloWorld"},"message":"[runtime-status] [18560] Attempting to listen to socketPath: \\\\?\\pipe\\C:\\Users\\cdavi\\Desktop\\projects\\MealsToGo\\functions\\18560"}}
[debug] [2022-02-13T00:34:24.706Z] [functions] Runtime ready! Sending request! {"metadata":{"emulator":{"name":"functions"},"message":"[functions] Runtime ready! Sending request!"}}
[debug] [2022-02-13T00:34:24.707Z] [functions] Got req.url=/mealstogo-c557b/us-central1/helloWorld, mapping to path=/ {"metadata":{"emulator":{"name":"functions"},"message":"[functions] Got req.url=/mealstogo-c557b/us-central1/helloWorld, mapping to path=/"}}
[debug] [2022-02-13T00:34:24.714Z] [runtime-status] [18560] Ephemeral server handling GET request {"metadata":{"emulator":{"name":"functions"},"function":{"name":"us-central1-helloWorld"},"message":"[runtime-status] [18560] Ephemeral server handling GET request"}}
[info] >  {"structuredData":true,"severity":"INFO","message":"Hello logs!"} {"user":{"structuredData":true,"severity":"INFO","message":"Hello logs!"},"metadata":{"emulator":{"name":"functions"},"function":{"name":"us-central1-helloWorld"},"message":"\u001b[90m> \u001b[39m {\"structuredData\":true,\"severity\":\"INFO\",\"message\":\"Hello logs!\"}"}}
[debug] [2022-02-13T00:34:24.720Z] [runtime-status] [18560] Ephemeral server survived. {"metadata":{"emulator":{"name":"functions"},"function":{"name":"us-central1-helloWorld"},"message":"[runtime-status] [18560] Ephemeral server survived."}}
[info] i  functions: Finished "helloWorld" in ~1s {"metadata":{"emulator":{"name":"functions"},"function":{"name":"us-central1-helloWorld"},"message":"Finished \"helloWorld\" in ~1s"}}
[debug] [2022-02-13T00:34:24.724Z] [worker-us-central1-helloWorld-b2464d8d-58b5-479c-979c-7617ceab8cfc]: IDLE {"metadata":{"emulator":{"name":"functions"},"message":"[worker-us-central1-helloWorld-b2464d8d-58b5-479c-979c-7617ceab8cfc]: IDLE"}}
[debug] [2022-02-13T00:34:24.724Z] [work-queue] {"queueLength":0,"workRunningCount":0}
[debug] [2022-02-13T00:34:24.806Z] Functions emulator received unknown request at path /favicon.ico
[debug] [2022-02-13T00:36:10.301Z] File C:\Users\cdavi\Desktop\projects\MealsToGo\functions\index.js changed, reloading triggers {"metadata":{"emulator":{"name":"functions"},"message":"File C:\\Users\\cdavi\\Desktop\\projects\\MealsToGo\\functions\\index.js changed, reloading triggers"}}
[debug] [2022-02-13T00:36:11.317Z] [worker-pool] Shutting down IDLE worker (us-central1-helloWorld) {"metadata":{"emulator":{"name":"functions"},"message":"[worker-pool] Shutting down IDLE worker (us-central1-helloWorld)"}}
[debug] [2022-02-13T00:36:11.317Z] [worker-us-central1-helloWorld-b2464d8d-58b5-479c-979c-7617ceab8cfc]: FINISHING {"metadata":{"emulator":{"name":"functions"},"message":"[worker-us-central1-helloWorld-b2464d8d-58b5-479c-979c-7617ceab8cfc]: FINISHING"}}
[debug] [2022-02-13T00:36:11.318Z] Validating nodejs source
[debug] [2022-02-13T00:36:14.706Z] > [functions] package.json contents: {
  "name": "functions",
  "description": "Cloud Functions for Firebase",
  "scripts": {
    "serve": "firebase emulators:start --only functions",
    "shell": "firebase functions:shell",
    "start": "npm run shell",
    "deploy": "firebase deploy --only functions",
    "logs": "firebase functions:log"
  },
  "engines": {
    "node": "16"
  },
  "main": "index.js",
  "dependencies": {
    "firebase-admin": "^9.8.0",
    "firebase-functions": "^3.14.1"
  },
  "devDependencies": {
    "firebase-functions-test": "^0.2.0"
  },
  "private": true
}
[debug] [2022-02-13T00:36:14.706Z] Building nodejs source
[debug] [2022-02-13T00:36:14.706Z] Analyzing nodejs backend spec
[debug] [2022-02-13T00:36:14.722Z] [worker-us-central1-helloWorld-b2464d8d-58b5-479c-979c-7617ceab8cfc]: exited {"metadata":{"emulator":{"name":"functions"},"message":"[worker-us-central1-helloWorld-b2464d8d-58b5-479c-979c-7617ceab8cfc]: exited"}}
[debug] [2022-02-13T00:36:14.722Z] [worker-us-central1-helloWorld-b2464d8d-58b5-479c-979c-7617ceab8cfc]: FINISHED {"metadata":{"emulator":{"name":"functions"},"message":"[worker-us-central1-helloWorld-b2464d8d-58b5-479c-979c-7617ceab8cfc]: FINISHED"}}
[debug] [2022-02-13T00:36:14.723Z] [work-queue] {"queueLength":1,"workRunningCount":0}
[debug] [2022-02-13T00:36:14.723Z] [work-queue] {"queueLength":0,"workRunningCount":1}
[debug] [2022-02-13T00:36:14.724Z] Accepted request GET /mealstogo-c557b/us-central1/helloWorld --> us-central1-helloWorld
[debug] [2022-02-13T00:36:14.724Z] [worker-pool] Cleaned up workers for us-central1-helloWorld: 1 --> 0 {"metadata":{"emulator":{"name":"functions"},"message":"[worker-pool] Cleaned up workers for us-central1-helloWorld: 1 --> 0"}}
[debug] [2022-02-13T00:36:14.732Z] [worker-pool] addWorker(us-central1-helloWorld) {"metadata":{"emulator":{"name":"functions"},"message":"[worker-pool] addWorker(us-central1-helloWorld)"}}
[debug] [2022-02-13T00:36:14.732Z] [worker-pool] Adding worker with key us-central1-helloWorld, total=1 {"metadata":{"emulator":{"name":"functions"},"message":"[worker-pool] Adding worker with key us-central1-helloWorld, total=1"}}
[debug] [2022-02-13T00:36:14.732Z] [worker-pool] submitWork(triggerId=us-central1-helloWorld) {"metadata":{"emulator":{"name":"functions"},"message":"[worker-pool] submitWork(triggerId=us-central1-helloWorld)"}}
[debug] [2022-02-13T00:36:14.732Z] [worker-us-central1-helloWorld-a1937bfc-8964-4765-a66e-bac6746f9ebf]: Assigning socketPath: \\?\pipe\C:\Users\cdavi\Desktop\projects\MealsToGo\functions\29976 {"metadata":{"emulator":{"name":"functions"},"message":"[worker-us-central1-helloWorld-a1937bfc-8964-4765-a66e-bac6746f9ebf]: Assigning socketPath: \\\\?\\pipe\\C:\\Users\\cdavi\\Desktop\\projects\\MealsToGo\\functions\\29976"}}
[debug] [2022-02-13T00:36:14.732Z] [worker-us-central1-helloWorld-a1937bfc-8964-4765-a66e-bac6746f9ebf]: BUSY {"metadata":{"emulator":{"name":"functions"},"message":"[worker-us-central1-helloWorld-a1937bfc-8964-4765-a66e-bac6746f9ebf]: BUSY"}}
[debug] [2022-02-13T00:36:15.864Z] [runtime-status] [29976] Functions runtime initialized. {"cwd":"C:\\Users\\cdavi\\Desktop\\projects\\MealsToGo\\functions","node_version":"16.13.1"} {"metadata":{"emulator":{"name":"functions"},"function":{"name":"us-central1-helloWorld"},"message":"[runtime-status] [29976] Functions runtime initialized. {\"cwd\":\"C:\\\\Users\\\\cdavi\\\\Desktop\\\\projects\\\\MealsToGo\\\\functions\",\"node_version\":\"16.13.1\"}"}}
[debug] [2022-02-13T00:36:15.865Z] [runtime-status] [29976] Disabled runtime features: undefined {"metadata":{"emulator":{"name":"functions"},"function":{"name":"us-central1-helloWorld"},"message":"[runtime-status] [29976] Disabled runtime features: undefined"}}
[debug] [2022-02-13T00:36:15.868Z] [runtime-status] [29976] Resolved module firebase-admin {"declared":true,"installed":true,"version":"9.12.0","resolution":"C:\\Users\\cdavi\\Desktop\\projects\\MealsToGo\\functions\\node_modules\\firebase-admin\\lib\\index.js"} {"metadata":{"emulator":{"name":"functions"},"function":{"name":"us-central1-helloWorld"},"message":"[runtime-status] [29976] Resolved module firebase-admin {\"declared\":true,\"installed\":true,\"version\":\"9.12.0\",\"resolution\":\"C:\\\\Users\\\\cdavi\\\\Desktop\\\\projects\\\\MealsToGo\\\\functions\\\\node_modules\\\\firebase-admin\\\\lib\\\\index.js\"}"}}
[debug] [2022-02-13T00:36:15.869Z] [runtime-status] [29976] Resolved module firebase-functions {"declared":true,"installed":true,"version":"3.18.0","resolution":"C:\\Users\\cdavi\\Desktop\\projects\\MealsToGo\\functions\\node_modules\\firebase-functions\\lib\\index.js"} {"metadata":{"emulator":{"name":"functions"},"function":{"name":"us-central1-helloWorld"},"message":"[runtime-status] [29976] Resolved module firebase-functions {\"declared\":true,\"installed\":true,\"version\":\"3.18.0\",\"resolution\":\"C:\\\\Users\\\\cdavi\\\\Desktop\\\\projects\\\\MealsToGo\\\\functions\\\\node_modules\\\\firebase-functions\\\\lib\\\\index.js\"}"}}
[debug] [2022-02-13T00:36:15.870Z] [runtime-status] [29976] Outgoing network have been stubbed. [{"name":"http","status":"mocked"},{"name":"http","status":"mocked"},{"name":"https","status":"mocked"},{"name":"https","status":"mocked"},{"name":"net","status":"mocked"}] {"metadata":{"emulator":{"name":"functions"},"function":{"name":"us-central1-helloWorld"},"message":"[runtime-status] [29976] Outgoing network have been stubbed. [{\"name\":\"http\",\"status\":\"mocked\"},{\"name\":\"http\",\"status\":\"mocked\"},{\"name\":\"https\",\"status\":\"mocked\"},{\"name\":\"https\",\"status\":\"mocked\"},{\"name\":\"net\",\"status\":\"mocked\"}]"}}
[debug] [2022-02-13T00:36:15.870Z] [runtime-status] [29976] Resolved module firebase-functions {"declared":true,"installed":true,"version":"3.18.0","resolution":"C:\\Users\\cdavi\\Desktop\\projects\\MealsToGo\\functions\\node_modules\\firebase-functions\\lib\\index.js"} {"metadata":{"emulator":{"name":"functions"},"function":{"name":"us-central1-helloWorld"},"message":"[runtime-status] [29976] Resolved module firebase-functions {\"declared\":true,\"installed\":true,\"version\":\"3.18.0\",\"resolution\":\"C:\\\\Users\\\\cdavi\\\\Desktop\\\\projects\\\\MealsToGo\\\\functions\\\\node_modules\\\\firebase-functions\\\\lib\\\\index.js\"}"}}
[debug] [2022-02-13T00:36:15.919Z] [runtime-status] [29976] Checked functions.config() {"config":{}} {"metadata":{"emulator":{"name":"functions"},"function":{"name":"us-central1-helloWorld"},"message":"[runtime-status] [29976] Checked functions.config() {\"config\":{}}"}}
[debug] [2022-02-13T00:36:15.919Z] [runtime-status] [29976] firebase-functions has been stubbed. {"functionsResolution":{"declared":true,"installed":true,"version":"3.18.0","resolution":"C:\\Users\\cdavi\\Desktop\\projects\\MealsToGo\\functions\\node_modules\\firebase-functions\\lib\\index.js"}} {"metadata":{"emulator":{"name":"functions"},"function":{"name":"us-central1-helloWorld"},"message":"[runtime-status] [29976] firebase-functions has been stubbed. {\"functionsResolution\":{\"declared\":true,\"installed\":true,\"version\":\"3.18.0\",\"resolution\":\"C:\\\\Users\\\\cdavi\\\\Desktop\\\\projects\\\\MealsToGo\\\\functions\\\\node_modules\\\\firebase-functions\\\\lib\\\\index.js\"}}"}}
[debug] [2022-02-13T00:36:15.920Z] [runtime-status] [29976] Resolved module firebase-functions {"declared":true,"installed":true,"version":"3.18.0","resolution":"C:\\Users\\cdavi\\Desktop\\projects\\MealsToGo\\functions\\node_modules\\firebase-functions\\lib\\index.js"} {"metadata":{"emulator":{"name":"functions"},"function":{"name":"us-central1-helloWorld"},"message":"[runtime-status] [29976] Resolved module firebase-functions {\"declared\":true,\"installed\":true,\"version\":\"3.18.0\",\"resolution\":\"C:\\\\Users\\\\cdavi\\\\Desktop\\\\projects\\\\MealsToGo\\\\functions\\\\node_modules\\\\firebase-functions\\\\lib\\\\index.js\"}"}}
[debug] [2022-02-13T00:36:15.922Z] [runtime-status] [29976] Resolved module firebase-admin {"declared":true,"installed":true,"version":"9.12.0","resolution":"C:\\Users\\cdavi\\Desktop\\projects\\MealsToGo\\functions\\node_modules\\firebase-admin\\lib\\index.js"} {"metadata":{"emulator":{"name":"functions"},"function":{"name":"us-central1-helloWorld"},"message":"[runtime-status] [29976] Resolved module firebase-admin {\"declared\":true,\"installed\":true,\"version\":\"9.12.0\",\"resolution\":\"C:\\\\Users\\\\cdavi\\\\Desktop\\\\projects\\\\MealsToGo\\\\functions\\\\node_modules\\\\firebase-admin\\\\lib\\\\index.js\"}"}}
[debug] [2022-02-13T00:36:15.923Z] [runtime-status] [29976] Resolved module firebase-functions {"declared":true,"installed":true,"version":"3.18.0","resolution":"C:\\Users\\cdavi\\Desktop\\projects\\MealsToGo\\functions\\node_modules\\firebase-functions\\lib\\index.js"} {"metadata":{"emulator":{"name":"functions"},"function":{"name":"us-central1-helloWorld"},"message":"[runtime-status] [29976] Resolved module firebase-functions {\"declared\":true,\"installed\":true,\"version\":\"3.18.0\",\"resolution\":\"C:\\\\Users\\\\cdavi\\\\Desktop\\\\projects\\\\MealsToGo\\\\functions\\\\node_modules\\\\firebase-functions\\\\lib\\\\index.js\"}"}}
[debug] [2022-02-13T00:36:15.923Z] [runtime-status] [29976] firebase-admin has been stubbed. {"adminResolution":{"declared":true,"installed":true,"version":"9.12.0","resolution":"C:\\Users\\cdavi\\Desktop\\projects\\MealsToGo\\functions\\node_modules\\firebase-admin\\lib\\index.js"}} {"metadata":{"emulator":{"name":"functions"},"function":{"name":"us-central1-helloWorld"},"message":"[runtime-status] [29976] firebase-admin has been stubbed. {\"adminResolution\":{\"declared\":true,\"installed\":true,\"version\":\"9.12.0\",\"resolution\":\"C:\\\\Users\\\\cdavi\\\\Desktop\\\\projects\\\\MealsToGo\\\\functions\\\\node_modules\\\\firebase-admin\\\\lib\\\\index.js\"}}"}}
[debug] [2022-02-13T00:36:15.924Z] [runtime-status] [29976] Beginning invocation function helloWorld! {"metadata":{"emulator":{"name":"functions"},"function":{"name":"us-central1-helloWorld"},"message":"[runtime-status] [29976] Beginning invocation function helloWorld!"}}
[info] i  functions: Beginning execution of "helloWorld" {"metadata":{"emulator":{"name":"functions"},"function":{"name":"us-central1-helloWorld"},"message":"Beginning execution of \"helloWorld\""}}
[debug] [2022-02-13T00:36:15.926Z] [runtime-status] [29976] Running helloWorld in signature http {"metadata":{"emulator":{"name":"functions"},"function":{"name":"us-central1-helloWorld"},"message":"[runtime-status] [29976] Running helloWorld in signature http"}}
[debug] [2022-02-13T00:36:15.929Z] [runtime-status] [29976] Attempting to listen to socketPath: \\?\pipe\C:\Users\cdavi\Desktop\projects\MealsToGo\functions\29976 {"metadata":{"emulator":{"name":"functions"},"function":{"name":"us-central1-helloWorld"},"message":"[runtime-status] [29976] Attempting to listen to socketPath: \\\\?\\pipe\\C:\\Users\\cdavi\\Desktop\\projects\\MealsToGo\\functions\\29976"}}
[debug] [2022-02-13T00:36:15.931Z] [functions] Runtime ready! Sending request! {"metadata":{"emulator":{"name":"functions"},"message":"[functions] Runtime ready! Sending request!"}}
[debug] [2022-02-13T00:36:15.932Z] [functions] Got req.url=/mealstogo-c557b/us-central1/helloWorld, mapping to path=/ {"metadata":{"emulator":{"name":"functions"},"message":"[functions] Got req.url=/mealstogo-c557b/us-central1/helloWorld, mapping to path=/"}}
[debug] [2022-02-13T00:36:15.940Z] [runtime-status] [29976] Ephemeral server handling GET request {"metadata":{"emulator":{"name":"functions"},"function":{"name":"us-central1-helloWorld"},"message":"[runtime-status] [29976] Ephemeral server handling GET request"}}
[info] >  {"structuredData":true,"severity":"INFO","message":"Hello logs!"} {"user":{"structuredData":true,"severity":"INFO","message":"Hello logs!"},"metadata":{"emulator":{"name":"functions"},"function":{"name":"us-central1-helloWorld"},"message":"\u001b[90m> \u001b[39m {\"structuredData\":true,\"severity\":\"INFO\",\"message\":\"Hello logs!\"}"}}
[debug] [2022-02-13T00:36:15.946Z] [runtime-status] [29976] Ephemeral server survived. {"metadata":{"emulator":{"name":"functions"},"function":{"name":"us-central1-helloWorld"},"message":"[runtime-status] [29976] Ephemeral server survived."}}
[info] i  functions: Finished "helloWorld" in ~1s {"metadata":{"emulator":{"name":"functions"},"function":{"name":"us-central1-helloWorld"},"message":"Finished \"helloWorld\" in ~1s"}}
[debug] [2022-02-13T00:36:15.954Z] [worker-us-central1-helloWorld-a1937bfc-8964-4765-a66e-bac6746f9ebf]: IDLE {"metadata":{"emulator":{"name":"functions"},"message":"[worker-us-central1-helloWorld-a1937bfc-8964-4765-a66e-bac6746f9ebf]: IDLE"}}
[debug] [2022-02-13T00:36:15.954Z] [work-queue] {"queueLength":0,"workRunningCount":0}
